Installing dependencies from lock file

Package operations: 131 installs, 4 updates, 2 removals

  • Removing cffi (1.15.0)
  • Removing pycparser (2.21)
  • Updating certifi (2022.5.18.1 -> 2021.10.8)
  • Installing markupsafe (2.0.1)
  • Installing pytz (2022.1)
  • Installing alabaster (0.7.12)
  • Installing asttokens (2.0.5)
  • Installing babel (2.10.1)
  • Installing docutils (0.16)
  • Installing imagesize (1.3.0)
  • Installing importlib-resources (5.7.1)
  • Installing executing (0.8.3)
  • Installing attrs (21.4.0)
  • Installing iniconfig (1.1.1)
  • Updating packaging (20.9 -> 21.3)
  • Installing jinja2 (2.11.3)
  • Installing parso (0.8.3)
  • Installing pluggy (1.0.0)
  • Installing pure-eval (0.2.2)
  • Installing py (1.11.0)
  • Installing pygments (2.12.0)
  • Installing pyrsistent (0.18.1)
  • Installing smmap (5.0.0)
  • Installing snowballstemmer (2.2.0)
  • Installing sphinxcontrib-applehelp (1.0.2)
  • Installing sphinxcontrib-devhelp (1.0.2)
  • Installing sphinxcontrib-htmlhelp (2.0.0)
  • Installing sphinxcontrib-jsmath (1.0.1)
  • Installing sphinxcontrib-qthelp (1.0.3)
  • Installing sphinxcontrib-serializinghtml (1.1.5)
  • Installing toml (0.10.2)
  • Installing tomli (2.0.1)
  • Installing traitlets (5.2.1.post0)
  • Installing wcwidth (0.2.5)
  • Installing appdirs (1.4.4)
  • Installing backcall (0.2.0)
  • Installing cycler (0.11.0)
  • Installing decorator (5.1.1)
  • Installing fastjsonschema (2.15.3)
  • Installing fonttools (4.33.3)
  • Installing entrypoints (0.4)
  • Installing jedi (0.18.1)
  • Installing click (7.1.2)
  • Installing jupyter-core (4.10.0)
  • Installing kiwisolver (1.4.2)
  • Installing jsonschema (4.5.1)
  • Installing mypy-extensions (0.4.3)
  • Installing gitdb (4.0.9)
  • Installing numpy (1.22.3)
  • Installing pathspec (0.9.0)
  • Installing pillow (8.4.0)
  • Installing prompt-toolkit (3.0.29)
  • Installing python-dateutil (2.8.2)
  • Installing matplotlib-inline (0.1.3)
  • Installing pyyaml (6.0)
  • Installing pyzmq (22.3.0)
  • Installing regex (2022.4.24)
  • Installing ruamel.yaml.clib (0.2.6)
  • Installing sphinx (3.5.4)
  • Installing stack-data (0.2.0)
  • Installing tornado (6.1)
  • Installing typed-ast (1.4.3)
  • Installing jsonpointer (2.3)
  • Installing setuptools-scm (6.4.2)
  • Installing pytest (6.2.5)
  • Installing nest-asyncio (1.5.5)
  • Installing pickleshare (0.7.5)
  • Installing typing-extensions (4.2.0)
  • Updating platformdirs (2.5.1 -> 2.5.2)
  • Installing argcomplete (1.12.3)
  • Installing black (20.8b1)
  • Installing colorama (0.4.4)
  • Installing configargparse (1.5.3)
  • Installing datrie (0.8.2)
  • Installing decli (0.5.2)
  • Installing connection-pool (0.0.3)
  • Installing gitpython (3.1.27)
  • Installing cfgv (3.3.1)
  • Installing ipython (8.3.0)
  • Installing ipython-genutils (0.2.0)
  • Installing jupyter-client (7.3.1)
  • Installing execnet (1.9.0)
  • Installing mccabe (0.6.1)
  • Installing nodeenv (1.6.0)
  • Installing psutil (5.9.0)
  • Installing pulp (2.6.0)
  • Installing pycodestyle (2.7.0)
  • Installing et-xmlfile (1.1.0)
  • Installing pyflakes (2.3.1)
  • Installing pytest-forked (1.4.0)
  • Installing matplotlib (3.5.2)
  • Installing ruamel.std.argparse (0.8.3)
  • Installing identify (2.5.0)
  • Installing scipy (1.6.1)
  • Installing ruamel.yaml (0.17.21)
  • Installing stopit (1.1.2)
  • Installing termcolor (1.1.0)
  • Installing wrapt (1.14.1)
  • Updating importlib-metadata (4.11.3 -> 1.7.0)
  • Installing pydantic (1.9.0)
  • Installing ratelimiter (1.2.0.post0)
  • Installing ruamel.appconfig (0.5.5)
  • Installing smart-open (6.0.0)
  • Installing sphinx-prompt (1.5.0)
  • Installing tabulate (0.8.9)
  • Installing toposort (1.7)
  • Installing nbformat (5.4.0)
  • Installing sphinx-jsonschema (1.15)
  • Installing questionary (1.10.0)
  • Installing pandas (1.4.2)
  • Installing ruamel.std.pathlib (0.9.2)
  • Installing commitizen (2.27.0)
  • Installing flake8 (3.9.2)
  • Installing ipykernel (5.5.6)
  • Installing isort (5.10.1)
  • Installing more-itertools (8.13.0)
  • Installing mypy (0.812)
  • Installing networkx (2.8)
  • Installing openpyxl (3.0.9)
  • Installing pre-commit (2.19.0)
  • Installing ptvsd (4.3.2)
  • Installing pysam (0.16.0.1)
  • Installing pytest-mock (3.7.0)
  • Installing pytest-xdist (2.5.0)
  • Installing python-ternary (1.0.8)
  • Installing rstcheck (3.5.0)
  • Installing seaborn (0.11.2)
  • Installing snakefmt (0.4.2)
  • Installing sphinx-pydantic (0.1.1)
  • Installing sphinx-substitution-extensions (2020.9.30.0)
  • Installing ryd (0.4.1)
  • Installing typer (0.3.2)
  • Installing snakemake (6.15.5)
  • Installing rope (0.19.0)
  • Installing sphinx-click (3.1.0)
  • Installing sphinxcontrib-mermaid (0.4.0)
  • Installing sphinx-rtd-theme (0.5.2)

Installing the current project: cgr_gwas_qc (0.1.0)
