[INFO] Initializing environment for https://github.com/PyCQA/flake8.git.
[INFO] Initializing environment for https://github.com/pre-commit/mirrors-mypy.
[INFO] Initializing environment for https://github.com/pycqa/isort.
[INFO] Initializing environment for https://github.com/snakemake/snakefmt.
[INFO] Installing environment for https://github.com/pre-commit/pre-commit-hooks.
[INFO] Once installed this environment will be reused.
[INFO] This may take a few minutes...
[INFO] Installing environment for https://github.com/codespell-project/codespell.
[INFO] Once installed this environment will be reused.
[INFO] This may take a few minutes...
[INFO] Installing environment for https://github.com/psf/black.
[INFO] Once installed this environment will be reused.
[INFO] This may take a few minutes...
[INFO] Installing environment for https://github.com/PyCQA/flake8.git.
[INFO] Once installed this environment will be reused.
[INFO] This may take a few minutes...
[INFO] Installing environment for https://github.com/pre-commit/mirrors-mypy.
[INFO] Once installed this environment will be reused.
[INFO] This may take a few minutes...
[INFO] Installing environment for https://github.com/pycqa/isort.
[INFO] Once installed this environment will be reused.
[INFO] This may take a few minutes...
[INFO] Installing environment for https://github.com/snakemake/snakefmt.
[INFO] Once installed this environment will be reused.
[INFO] This may take a few minutes...
Trim Trailing Whitespace.................................................Passed
Fix End of Files.........................................................Passed
Check Yaml...............................................................Passed
Check for added large files..............................................Passed
codespell................................................................Passed
black................................................(no files to check)Skipped
flake8...............................................(no files to check)Skipped
mypy.................................................(no files to check)Skipped
isort................................................(no files to check)Skipped
snakefmt.............................................(no files to check)Skipped
